[2021-12-26T22:14:32+01:00] 0:00:00 [info] removing existing cache /tmp/imposm3
[2021-12-26T22:14:32+01:00] 0:00:00 [step] Starting: Imposm
[2021-12-26T22:14:32+01:00] 0:00:00 [step] Starting: Reading OSM data
[2021-12-26T22:14:32+01:00] 0:00:00 [info] reading /media/safe/maps/bayern-latest.osm.pbf with data till 2021-12-25 22:21:40 +0100 CET
[2021-12-26T22:15:06+01:00] 0:00:33 [progress]    33s C:       0/s (66011917) N:       0/s (1047397) W:       0/s (9812978) R:      0/s (88908)
[2021-12-26T22:15:06+01:00] 0:00:34 [step] Finished: Reading OSM data in 33.935349531s
[2021-12-26T22:15:06+01:00] 0:00:34 [step] Starting: Importing OSM data
[2021-12-26T22:15:06+01:00] 0:00:34 [step] Starting: Writing OSM data
[2021-12-26T22:15:06+01:00] 0:00:34 SQL Error: pq: function addgeometrycolumn(unknown, unknown, unknown, unknown, unknown, integer) does not exist in query SELECT AddGeometryColumn('import', 'osm_waterways', 'geometry', '3857', 'LINESTRING', 2);
nbdy@c0:~/CLionProjects/mapnik_server$ sudo -u postgres createdb gis
could not change directory to "/home/nbdy/CLionProjects/mapnik_server": Keine Berechtigung
createdb: error: database creation failed: ERROR:  database "gis" already exists
nbdy@c0:~/CLionProjects/mapnik_server$ sudo -u postgres psql -d gis -c 'CREATE EXTENSION postgis; CREATE EXTENSION hstore;'
could not change directory to "/home/nbdy/CLionProjects/mapnik_server": Keine Berechtigung
CREATE EXTENSION
nbdy@c0:~/CLionProjects/mapnik_server$ ./scripts/postgis.sh /media/safe/maps/bayern-latest.osm.pbf
could not change directory to "/home/nbdy/CLionProjects/mapnik_server": Keine Berechtigung
User 'postgres' exists. Continuing.
could not change directory to "/home/nbdy/CLionProjects/mapnik_server": Keine Berechtigung
Database 'gis' exists. Continuing.
importing. this will take quiet a while. you might even be able to have a proper nap in the mean time.
[2021-12-26T22:16:01+01:00] 0:00:00 [info] removing existing cache /tmp/imposm3
[2021-12-26T22:16:01+01:00] 0:00:00 [step] Starting: Imposm
[2021-12-26T22:16:01+01:00] 0:00:00 [step] Starting: Reading OSM data
[2021-12-26T22:16:01+01:00] 0:00:00 [info] reading /media/safe/maps/bayern-latest.osm.pbf with data till 2021-12-25 22:21:40 +0100 CET
[2021-12-26T22:16:34+01:00] 0:00:33 [progress]    33s C:       0/s (66011917) N:       0/s (1047397) W:       0/s (9812978) R:      0/s (88908)
[2021-12-26T22:16:34+01:00] 0:00:33 [step] Finished: Reading OSM data in 33.674991646s
[2021-12-26T22:16:34+01:00] 0:00:33 [step] Starting: Importing OSM data
[2021-12-26T22:16:34+01:00] 0:00:33 [step] Starting: Writing OSM data
[2021-12-26T22:17:34+01:00] 0:01:33 [progress]   1m0s C:       0/s ( 0.0%) N:       0/s ( 0.0%) W:   58900/s (16.8%) R:   1510/s (100.0%)
[2021-12-26T22:18:34+01:00] 0:02:33 [progress]   2m0s C:       0/s ( 0.0%) N:       0/s ( 0.0%) W:   89100/s (79.8%) R:   1510/s (100.0%)
[2021-12-26T22:18:56+01:00] 0:02:55 [step] Finished: Writing OSM data in 2m21.842599401s
[2021-12-26T22:18:56+01:00] 0:02:55 [step] Starting: Creating generalized tables
[2021-12-26T22:18:56+01:00] 0:02:55 [progress]  2m21s C:       0/s ( 0.0%) N:       0/s (100.0%) W:  111600/s (100.0%) R:   1510/s (100.0%)
[2021-12-26T22:18:56+01:00] 0:02:55 [step] Starting: Generalizing osm_landusages into osm_landusages_gen1
[2021-12-26T22:18:56+01:00] 0:02:55 [step] Starting: Generalizing osm_waterways into osm_waterways_gen1
[2021-12-26T22:18:56+01:00] 0:02:55 [step] Starting: Generalizing osm_roads into osm_roads_gen1
[2021-12-26T22:18:56+01:00] 0:02:55 [step] Starting: Generalizing osm_waterareas into osm_waterareas_gen1
[2021-12-26T22:18:57+01:00] 0:02:56 [step] Finished: Generalizing osm_waterareas into osm_waterareas_gen1 in 1.08940136s
[2021-12-26T22:18:58+01:00] 0:02:57 [step] Finished: Generalizing osm_waterways into osm_waterways_gen1 in 1.88357542s
[2021-12-26T22:19:00+01:00] 0:02:59 [step] Finished: Generalizing osm_roads into osm_roads_gen1 in 4.145273785s
[2021-12-26T22:19:04+01:00] 0:03:03 [step] Finished: Generalizing osm_landusages into osm_landusages_gen1 in 7.509487921s
[2021-12-26T22:19:04+01:00] 0:03:03 [step] Starting: Generalizing osm_waterareas into osm_waterareas_gen0
[2021-12-26T22:19:04+01:00] 0:03:03 [step] Starting: Generalizing osm_waterways into osm_waterways_gen0
[2021-12-26T22:19:04+01:00] 0:03:03 [step] Starting: Generalizing osm_roads into osm_roads_gen0
[2021-12-26T22:19:04+01:00] 0:03:03 [step] Starting: Generalizing osm_landusages into osm_landusages_gen0
[2021-12-26T22:19:04+01:00] 0:03:03 [step] Finished: Generalizing osm_waterareas into osm_waterareas_gen0 in 88.580543ms
[2021-12-26T22:19:05+01:00] 0:03:03 [step] Finished: Generalizing osm_waterways into osm_waterways_gen0 in 840.829964ms
[2021-12-26T22:19:05+01:00] 0:03:04 [step] Finished: Generalizing osm_roads into osm_roads_gen0 in 933.024539ms
[2021-12-26T22:19:05+01:00] 0:03:04 [step] Finished: Generalizing osm_landusages into osm_landusages_gen0 in 1.308062611s
[2021-12-26T22:19:05+01:00] 0:03:04 [step] Finished: Creating generalized tables in 8.817811741s
[2021-12-26T22:19:05+01:00] 0:03:04 [step] Starting: Clustering on geometry
[2021-12-26T22:19:05+01:00] 0:03:04 [step] Starting: Indexing "osm_housenumbers_interpolated" on geohash
[2021-12-26T22:19:05+01:00] 0:03:04 [step] Starting: Indexing "osm_amenities" on geohash
[2021-12-26T22:19:05+01:00] 0:03:04 [step] Starting: Indexing "osm_landusages" on geohash
[2021-12-26T22:19:05+01:00] 0:03:04 [step] Starting: Indexing "osm_places" on geohash
[2021-12-26T22:19:05+01:00] 0:03:04 [step] Starting: Indexing "osm_transport_areas" on geohash
[2021-12-26T22:19:05+01:00] 0:03:04 [step] Starting: Indexing "osm_aeroways" on geohash
[2021-12-26T22:19:05+01:00] 0:03:04 [step] Starting: Indexing "osm_waterways_gen1" on geohash
[2021-12-26T22:19:05+01:00] 0:03:04 [step] Starting: Indexing "osm_waterways" on geohash
[2021-12-26T22:19:05+01:00] 0:03:04 [step] Starting: Indexing "osm_transport_points" on geohash
[2021-12-26T22:19:05+01:00] 0:03:04 [step] Starting: Indexing "osm_waterareas" on geohash
[2021-12-26T22:19:05+01:00] 0:03:04 [step] Starting: Indexing "osm_admin" on geohash
[2021-12-26T22:19:05+01:00] 0:03:04 [step] Starting: Indexing "osm_buildings" on geohash
[2021-12-26T22:19:05+01:00] 0:03:04 [step] Starting: Indexing "osm_barrierpoints" on geohash
[2021-12-26T22:19:05+01:00] 0:03:04 [step] Starting: Indexing "osm_barrierways" on geohash
[2021-12-26T22:19:05+01:00] 0:03:04 [step] Starting: Indexing "osm_roads" on geohash
[2021-12-26T22:19:05+01:00] 0:03:04 [step] Starting: Indexing "osm_waterareas_gen0" on geohash
[2021-12-26T22:19:05+01:00] 0:03:04 [step] Starting: Indexing "osm_housenumbers" on geohash
[2021-12-26T22:19:05+01:00] 0:03:04 [step] Starting: Indexing "osm_waterareas_gen1" on geohash
[2021-12-26T22:19:05+01:00] 0:03:04 [step] Starting: Indexing "osm_landusages_gen0" on geohash
[2021-12-26T22:19:05+01:00] 0:03:04 [step] Starting: Indexing "osm_landusages_gen1" on geohash
[2021-12-26T22:19:05+01:00] 0:03:04 [step] Starting: Indexing "osm_roads_gen1" on geohash
[2021-12-26T22:19:05+01:00] 0:03:04 [step] Starting: Indexing "osm_waterways_gen0" on geohash
[2021-12-26T22:19:05+01:00] 0:03:04 [step] Starting: Indexing "osm_roads_gen0" on geohash
[2021-12-26T22:19:05+01:00] 0:03:04 [step] Finished: Indexing "osm_waterareas_gen0" on geohash in 83.420216ms
[2021-12-26T22:19:05+01:00] 0:03:04 [step] Starting: Clustering "osm_waterareas_gen0" on geohash
[2021-12-26T22:19:05+01:00] 0:03:04 [step] Finished: Indexing "osm_housenumbers_interpolated" on geohash in 84.092174ms
[2021-12-26T22:19:05+01:00] 0:03:04 [step] Starting: Clustering "osm_housenumbers_interpolated" on geohash
[2021-12-26T22:19:05+01:00] 0:03:04 [step] Finished: Indexing "osm_aeroways" on geohash in 85.057019ms
[2021-12-26T22:19:05+01:00] 0:03:04 [step] Starting: Clustering "osm_aeroways" on geohash
[2021-12-26T22:19:05+01:00] 0:03:04 [step] Finished: Indexing "osm_amenities" on geohash in 259.650429ms
[2021-12-26T22:19:05+01:00] 0:03:04 [step] Starting: Clustering "osm_amenities" on geohash
[2021-12-26T22:19:05+01:00] 0:03:04 [step] Finished: Indexing "osm_transport_areas" on geohash in 293.779071ms
[2021-12-26T22:19:05+01:00] 0:03:04 [step] Starting: Clustering "osm_transport_areas" on geohash
[2021-12-26T22:19:05+01:00] 0:03:04 [step] Finished: Indexing "osm_waterareas_gen1" on geohash in 293.813797ms
[2021-12-26T22:19:05+01:00] 0:03:04 [step] Starting: Clustering "osm_waterareas_gen1" on geohash
[2021-12-26T22:19:05+01:00] 0:03:04 [step] Finished: Indexing "osm_landusages_gen0" on geohash in 293.835567ms
[2021-12-26T22:19:05+01:00] 0:03:04 [step] Starting: Clustering "osm_landusages_gen0" on geohash
[2021-12-26T22:19:05+01:00] 0:03:04 [step] Finished: Clustering "osm_waterareas_gen0" on geohash in 309.779059ms
[2021-12-26T22:19:05+01:00] 0:03:04 [step] Starting: Analysing "osm_waterareas_gen0"
[2021-12-26T22:19:05+01:00] 0:03:04 [step] Finished: Analysing "osm_waterareas_gen0" in 25.652731ms
[2021-12-26T22:19:06+01:00] 0:03:04 [step] Finished: Clustering "osm_aeroways" on geohash in 422.918586ms
[2021-12-26T22:19:06+01:00] 0:03:04 [step] Starting: Analysing "osm_aeroways"
[2021-12-26T22:19:06+01:00] 0:03:05 [step] Finished: Analysing "osm_aeroways" in 90.977357ms
[2021-12-26T22:19:06+01:00] 0:03:05 [step] Finished: Clustering "osm_housenumbers_interpolated" on geohash in 599.283531ms
[2021-12-26T22:19:06+01:00] 0:03:05 [step] Starting: Analysing "osm_housenumbers_interpolated"
[2021-12-26T22:19:06+01:00] 0:03:05 [step] Finished: Indexing "osm_places" on geohash in 712.180734ms
[2021-12-26T22:19:06+01:00] 0:03:05 [step] Starting: Clustering "osm_places" on geohash
[2021-12-26T22:19:06+01:00] 0:03:05 [step] Finished: Indexing "osm_admin" on geohash in 759.602832ms
[2021-12-26T22:19:06+01:00] 0:03:05 [step] Starting: Clustering "osm_admin" on geohash
[2021-12-26T22:19:06+01:00] 0:03:05 [step] Finished: Clustering "osm_waterareas_gen1" on geohash in 473.157043ms
[2021-12-26T22:19:06+01:00] 0:03:05 [step] Starting: Analysing "osm_waterareas_gen1"
[2021-12-26T22:19:06+01:00] 0:03:05 [step] Finished: Analysing "osm_housenumbers_interpolated" in 103.754886ms
[2021-12-26T22:19:06+01:00] 0:03:05 [step] Finished: Indexing "osm_waterareas" on geohash in 787.213346ms
[2021-12-26T22:19:06+01:00] 0:03:05 [step] Starting: Clustering "osm_waterareas" on geohash
[2021-12-26T22:19:06+01:00] 0:03:05 [step] Finished: Clustering "osm_amenities" on geohash in 575.227317ms
[2021-12-26T22:19:06+01:00] 0:03:05 [step] Starting: Analysing "osm_amenities"
[2021-12-26T22:19:06+01:00] 0:03:05 [step] Finished: Analysing "osm_waterareas_gen1" in 103.527801ms
[2021-12-26T22:19:06+01:00] 0:03:05 [step] Finished: Clustering "osm_transport_areas" on geohash in 652.984175ms
[2021-12-26T22:19:06+01:00] 0:03:05 [step] Starting: Analysing "osm_transport_areas"
[2021-12-26T22:19:06+01:00] 0:03:05 [step] Finished: Indexing "osm_transport_points" on geohash in 1.052657367s
[2021-12-26T22:19:06+01:00] 0:03:05 [step] Starting: Clustering "osm_transport_points" on geohash
[2021-12-26T22:19:06+01:00] 0:03:05 [step] Finished: Indexing "osm_barrierpoints" on geohash in 1.105745354s
[2021-12-26T22:19:06+01:00] 0:03:05 [step] Starting: Clustering "osm_barrierpoints" on geohash
[2021-12-26T22:19:06+01:00] 0:03:05 [step] Finished: Analysing "osm_amenities" in 324.48079ms
[2021-12-26T22:19:06+01:00] 0:03:05 [step] Finished: Analysing "osm_transport_areas" in 212.653228ms
[2021-12-26T22:19:06+01:00] 0:03:05 [step] Finished: Indexing "osm_barrierways" on geohash in 1.301196944s
[2021-12-26T22:19:06+01:00] 0:03:05 [step] Starting: Clustering "osm_barrierways" on geohash
[2021-12-26T22:19:07+01:00] 0:03:05 [step] Finished: Indexing "osm_waterways" on geohash in 1.544505263s
[2021-12-26T22:19:07+01:00] 0:03:05 [step] Starting: Clustering "osm_waterways" on geohash
[2021-12-26T22:19:07+01:00] 0:03:05 [step] Finished: Indexing "osm_landusages_gen1" on geohash in 1.546180128s
[2021-12-26T22:19:07+01:00] 0:03:05 [step] Starting: Clustering "osm_landusages_gen1" on geohash
[2021-12-26T22:19:07+01:00] 0:03:06 [step] Finished: Indexing "osm_waterways_gen1" on geohash in 1.760254024s
[2021-12-26T22:19:07+01:00] 0:03:06 [step] Starting: Clustering "osm_waterways_gen1" on geohash
[2021-12-26T22:19:07+01:00] 0:03:06 [step] Finished: Indexing "osm_waterways_gen0" on geohash in 1.89986353s
[2021-12-26T22:19:07+01:00] 0:03:06 [step] Starting: Clustering "osm_waterways_gen0" on geohash
[2021-12-26T22:19:07+01:00] 0:03:06 [step] Finished: Clustering "osm_places" on geohash in 1.300208024s
[2021-12-26T22:19:07+01:00] 0:03:06 [step] Starting: Analysing "osm_places"
[2021-12-26T22:19:07+01:00] 0:03:06 [step] Finished: Clustering "osm_landusages_gen0" on geohash in 1.727326027s
[2021-12-26T22:19:07+01:00] 0:03:06 [step] Starting: Analysing "osm_landusages_gen0"
[2021-12-26T22:19:07+01:00] 0:03:06 [step] Finished: Indexing "osm_roads_gen0" on geohash in 2.078798145s
[2021-12-26T22:19:07+01:00] 0:03:06 [step] Starting: Clustering "osm_roads_gen0" on geohash
[2021-12-26T22:19:07+01:00] 0:03:06 [step] Finished: Indexing "osm_roads_gen1" on geohash in 2.322623862s
[2021-12-26T22:19:07+01:00] 0:03:06 [step] Starting: Clustering "osm_roads_gen1" on geohash
[2021-12-26T22:19:07+01:00] 0:03:06 [step] Finished: Analysing "osm_places" in 323.541351ms
[2021-12-26T22:19:07+01:00] 0:03:06 [step] Finished: Analysing "osm_landusages_gen0" in 347.344323ms
[2021-12-26T22:19:08+01:00] 0:03:07 [step] Finished: Clustering "osm_barrierpoints" on geohash in 1.655314972s
[2021-12-26T22:19:08+01:00] 0:03:07 [step] Starting: Analysing "osm_barrierpoints"
[2021-12-26T22:19:08+01:00] 0:03:07 [step] Finished: Analysing "osm_barrierpoints" in 263.487047ms
[2021-12-26T22:19:08+01:00] 0:03:07 [step] Finished: Clustering "osm_transport_points" on geohash in 2.257630555s
[2021-12-26T22:19:08+01:00] 0:03:07 [step] Starting: Analysing "osm_transport_points"
[2021-12-26T22:19:09+01:00] 0:03:07 [step] Finished: Analysing "osm_transport_points" in 245.07227ms
[2021-12-26T22:19:10+01:00] 0:03:08 [step] Finished: Clustering "osm_barrierways" on geohash in 3.227399663s
[2021-12-26T22:19:10+01:00] 0:03:08 [step] Starting: Analysing "osm_barrierways"
[2021-12-26T22:19:10+01:00] 0:03:09 [step] Finished: Indexing "osm_housenumbers" on geohash in 4.773547349s
[2021-12-26T22:19:10+01:00] 0:03:09 [step] Starting: Clustering "osm_housenumbers" on geohash
[2021-12-26T22:19:10+01:00] 0:03:09 [step] Finished: Analysing "osm_barrierways" in 305.126875ms
[2021-12-26T22:19:11+01:00] 0:03:09 [step] Finished: Indexing "osm_landusages" on geohash in 5.483674722s
[2021-12-26T22:19:11+01:00] 0:03:09 [step] Starting: Clustering "osm_landusages" on geohash
[2021-12-26T22:19:11+01:00] 0:03:09 [step] Finished: Clustering "osm_waterways_gen1" on geohash in 3.757742192s
[2021-12-26T22:19:11+01:00] 0:03:09 [step] Starting: Analysing "osm_waterways_gen1"
[2021-12-26T22:19:11+01:00] 0:03:09 [step] Finished: Clustering "osm_waterways_gen0" on geohash in 3.618917224s
[2021-12-26T22:19:11+01:00] 0:03:09 [step] Starting: Analysing "osm_waterways_gen0"
[2021-12-26T22:19:11+01:00] 0:03:10 [step] Finished: Analysing "osm_waterways_gen1" in 408.337012ms
[2021-12-26T22:19:11+01:00] 0:03:10 [step] Finished: Analysing "osm_waterways_gen0" in 438.032017ms
[2021-12-26T22:19:11+01:00] 0:03:10 [step] Finished: Clustering "osm_waterareas" on geohash in 5.417514555s
[2021-12-26T22:19:11+01:00] 0:03:10 [step] Starting: Analysing "osm_waterareas"
[2021-12-26T22:19:12+01:00] 0:03:10 [step] Finished: Analysing "osm_waterareas" in 305.45055ms
[2021-12-26T22:19:12+01:00] 0:03:11 [step] Finished: Clustering "osm_roads_gen0" on geohash in 5.087650132s
[2021-12-26T22:19:12+01:00] 0:03:11 [step] Starting: Analysing "osm_roads_gen0"
[2021-12-26T22:19:12+01:00] 0:03:11 [step] Finished: Clustering "osm_roads_gen1" on geohash in 4.851499054s
[2021-12-26T22:19:12+01:00] 0:03:11 [step] Starting: Analysing "osm_roads_gen1"
[2021-12-26T22:19:13+01:00] 0:03:12 [step] Finished: Analysing "osm_roads_gen0" in 536.745491ms
[2021-12-26T22:19:13+01:00] 0:03:12 [step] Finished: Analysing "osm_roads_gen1" in 718.251685ms
[2021-12-26T22:19:13+01:00] 0:03:12 [step] Finished: Clustering "osm_waterways" on geohash in 6.749167171s
[2021-12-26T22:19:13+01:00] 0:03:12 [step] Starting: Analysing "osm_waterways"
[2021-12-26T22:19:14+01:00] 0:03:13 [step] Finished: Analysing "osm_waterways" in 295.466277ms
[2021-12-26T22:19:14+01:00] 0:03:13 [step] Finished: Clustering "osm_landusages_gen1" on geohash in 7.189930639s
[2021-12-26T22:19:14+01:00] 0:03:13 [step] Starting: Analysing "osm_landusages_gen1"
[2021-12-26T22:19:14+01:00] 0:03:13 [step] Finished: Analysing "osm_landusages_gen1" in 389.503541ms
[2021-12-26T22:19:16+01:00] 0:03:15 [step] Finished: Clustering "osm_housenumbers" on geohash in 6.3411984s
[2021-12-26T22:19:16+01:00] 0:03:15 [step] Starting: Analysing "osm_housenumbers"
[2021-12-26T22:19:16+01:00] 0:03:15 [step] Finished: Clustering "osm_admin" on geohash in 10.49902457s
[2021-12-26T22:19:16+01:00] 0:03:15 [step] Starting: Analysing "osm_admin"
[2021-12-26T22:19:16+01:00] 0:03:15 [step] Finished: Analysing "osm_admin" in 125.300202ms
[2021-12-26T22:19:16+01:00] 0:03:15 [step] Finished: Analysing "osm_housenumbers" in 275.807172ms
[2021-12-26T22:19:19+01:00] 0:03:18 [step] Finished: Indexing "osm_roads" on geohash in 13.984425961s
[2021-12-26T22:19:19+01:00] 0:03:18 [step] Starting: Clustering "osm_roads" on geohash
[2021-12-26T22:19:25+01:00] 0:03:24 [step] Finished: Indexing "osm_buildings" on geohash in 20.081424904s
[2021-12-26T22:19:25+01:00] 0:03:24 [step] Starting: Clustering "osm_buildings" on geohash
[2021-12-26T22:19:27+01:00] 0:03:26 [step] Finished: Clustering "osm_landusages" on geohash in 16.898271454s
[2021-12-26T22:19:27+01:00] 0:03:26 [step] Starting: Analysing "osm_landusages"
[2021-12-26T22:19:28+01:00] 0:03:27 [step] Finished: Analysing "osm_landusages" in 265.286516ms
[2021-12-26T22:19:39+01:00] 0:03:38 [step] Finished: Clustering "osm_roads" on geohash in 20.36779835s
[2021-12-26T22:19:39+01:00] 0:03:38 [step] Starting: Analysing "osm_roads"
[2021-12-26T22:19:40+01:00] 0:03:39 [step] Finished: Analysing "osm_roads" in 325.658385ms
[2021-12-26T22:19:49+01:00] 0:03:48 [step] Finished: Clustering "osm_buildings" on geohash in 23.80287777s
[2021-12-26T22:19:49+01:00] 0:03:48 [step] Starting: Analysing "osm_buildings"
[2021-12-26T22:19:49+01:00] 0:03:48 [step] Finished: Analysing "osm_buildings" in 212.02815ms
[2021-12-26T22:19:49+01:00] 0:03:48 [step] Finished: Clustering on geometry in 44.096507485s
[2021-12-26T22:19:49+01:00] 0:03:48 [step] Starting: Creating geometry indices
[2021-12-26T22:19:49+01:00] 0:03:48 [step] Starting: Creating geometry index on osm_amenities
[2021-12-26T22:19:49+01:00] 0:03:48 [step] Starting: Creating geometry index on osm_buildings
[2021-12-26T22:19:49+01:00] 0:03:48 [step] Starting: Creating geometry index on osm_landusages
[2021-12-26T22:19:49+01:00] 0:03:48 [step] Starting: Creating geometry index on osm_waterareas
[2021-12-26T22:19:49+01:00] 0:03:48 [step] Starting: Creating OSM id index on osm_roads_gen0
[2021-12-26T22:19:49+01:00] 0:03:48 [step] Starting: Creating geometry index on osm_transport_points
[2021-12-26T22:19:49+01:00] 0:03:48 [step] Starting: Creating OSM id index on osm_roads_gen1
[2021-12-26T22:19:49+01:00] 0:03:48 [step] Starting: Creating geometry index on osm_housenumbers
[2021-12-26T22:19:49+01:00] 0:03:48 [step] Starting: Creating geometry index on osm_roads
[2021-12-26T22:19:49+01:00] 0:03:48 [step] Starting: Creating geometry index on osm_transport_areas
[2021-12-26T22:19:49+01:00] 0:03:48 [step] Starting: Creating geometry index on osm_places
[2021-12-26T22:19:49+01:00] 0:03:48 [step] Starting: Creating geometry index on osm_housenumbers_interpolated
[2021-12-26T22:19:49+01:00] 0:03:48 [step] Starting: Creating geometry index on osm_waterways
[2021-12-26T22:19:49+01:00] 0:03:48 [step] Starting: Creating geometry index on osm_aeroways
[2021-12-26T22:19:49+01:00] 0:03:48 [step] Starting: Creating OSM id index on osm_waterareas_gen1
[2021-12-26T22:19:49+01:00] 0:03:48 [step] Starting: Creating OSM id index on osm_waterways_gen0
[2021-12-26T22:19:49+01:00] 0:03:48 [step] Starting: Creating OSM id index on osm_waterareas_gen0
[2021-12-26T22:19:49+01:00] 0:03:48 [step] Starting: Creating OSM id index on osm_waterways_gen1
[2021-12-26T22:19:49+01:00] 0:03:48 [step] Starting: Creating geometry index on osm_admin
[2021-12-26T22:19:49+01:00] 0:03:48 [step] Starting: Creating geometry index on osm_barrierpoints
[2021-12-26T22:19:49+01:00] 0:03:48 [step] Starting: Creating geometry index on osm_barrierways
[2021-12-26T22:19:49+01:00] 0:03:48 [step] Starting: Creating OSM id index on osm_landusages_gen0
[2021-12-26T22:19:49+01:00] 0:03:48 [step] Starting: Creating OSM id index on osm_landusages_gen1
[2021-12-26T22:19:49+01:00] 0:03:48 [step] Finished: Creating geometry index on osm_aeroways in 22.043838ms
[2021-12-26T22:19:49+01:00] 0:03:48 [step] Finished: Creating geometry index on osm_amenities in 65.816686ms
[2021-12-26T22:19:49+01:00] 0:03:48 [step] Finished: Creating geometry index on osm_transport_areas in 67.57191ms
[2021-12-26T22:19:49+01:00] 0:03:48 [step] Finished: Creating geometry index on osm_housenumbers_interpolated in 67.602337ms
[2021-12-26T22:19:49+01:00] 0:03:48 [step] Finished: Creating OSM id index on osm_waterareas_gen0 in 107.826956ms
[2021-12-26T22:19:49+01:00] 0:03:48 [step] Starting: Creating geometry index on osm_waterareas_gen0
[2021-12-26T22:19:49+01:00] 0:03:48 [step] Finished: Creating geometry index on osm_admin in 107.896095ms
[2021-12-26T22:19:49+01:00] 0:03:48 [step] Finished: Creating OSM id index on osm_landusages_gen0 in 197.00654ms
[2021-12-26T22:19:49+01:00] 0:03:48 [step] Starting: Creating geometry index on osm_landusages_gen0
[2021-12-26T22:19:49+01:00] 0:03:48 [step] Finished: Creating OSM id index on osm_waterareas_gen1 in 197.443257ms
[2021-12-26T22:19:49+01:00] 0:03:48 [step] Starting: Creating geometry index on osm_waterareas_gen1
[2021-12-26T22:19:49+01:00] 0:03:48 [step] Finished: Creating geometry index on osm_waterareas_gen0 in 93.370505ms
[2021-12-26T22:19:49+01:00] 0:03:48 [step] Finished: Creating geometry index on osm_waterareas_gen1 in 48.273831ms
[2021-12-26T22:19:49+01:00] 0:03:48 [step] Finished: Creating geometry index on osm_places in 256.728873ms
[2021-12-26T22:19:49+01:00] 0:03:48 [step] Finished: Creating OSM id index on osm_waterways_gen1 in 269.74001ms
[2021-12-26T22:19:49+01:00] 0:03:48 [step] Starting: Creating geometry index on osm_waterways_gen1
[2021-12-26T22:19:49+01:00] 0:03:48 [step] Finished: Creating OSM id index on osm_waterways_gen0 in 277.245324ms
[2021-12-26T22:19:49+01:00] 0:03:48 [step] Starting: Creating geometry index on osm_waterways_gen0
[2021-12-26T22:19:49+01:00] 0:03:48 [step] Finished: Creating OSM id index on osm_roads_gen1 in 333.544111ms
[2021-12-26T22:19:49+01:00] 0:03:48 [step] Starting: Creating geometry index on osm_roads_gen1
[2021-12-26T22:19:49+01:00] 0:03:48 [step] Finished: Creating OSM id index on osm_roads_gen0 in 334.072339ms
[2021-12-26T22:19:49+01:00] 0:03:48 [step] Starting: Creating geometry index on osm_roads_gen0
[2021-12-26T22:19:49+01:00] 0:03:48 [step] Finished: Creating OSM id index on osm_landusages_gen1 in 334.107316ms
[2021-12-26T22:19:49+01:00] 0:03:48 [step] Starting: Creating geometry index on osm_landusages_gen1
[2021-12-26T22:19:50+01:00] 0:03:48 [step] Finished: Creating geometry index on osm_landusages_gen0 in 220.787761ms
[2021-12-26T22:19:50+01:00] 0:03:49 [step] Finished: Creating geometry index on osm_barrierpoints in 533.121873ms
[2021-12-26T22:19:50+01:00] 0:03:49 [step] Finished: Creating geometry index on osm_waterareas in 684.106617ms
[2021-12-26T22:19:50+01:00] 0:03:49 [step] Finished: Creating geometry index on osm_barrierways in 761.162034ms
[2021-12-26T22:19:50+01:00] 0:03:49 [step] Finished: Creating geometry index on osm_transport_points in 824.837245ms
[2021-12-26T22:19:50+01:00] 0:03:49 [step] Finished: Creating geometry index on osm_waterways in 1.196200293s
[2021-12-26T22:19:51+01:00] 0:03:49 [step] Finished: Creating geometry index on osm_waterways_gen0 in 1.133555962s
[2021-12-26T22:19:51+01:00] 0:03:49 [step] Finished: Creating geometry index on osm_waterways_gen1 in 1.198546534s
[2021-12-26T22:19:51+01:00] 0:03:50 [step] Finished: Creating geometry index on osm_landusages_gen1 in 1.291722114s
[2021-12-26T22:19:51+01:00] 0:03:50 [step] Finished: Creating geometry index on osm_roads_gen0 in 1.374976871s
[2021-12-26T22:19:51+01:00] 0:03:50 [step] Finished: Creating geometry index on osm_roads_gen1 in 1.419029313s
[2021-12-26T22:19:53+01:00] 0:03:52 [step] Finished: Creating geometry index on osm_housenumbers in 3.494236756s
[2021-12-26T22:19:57+01:00] 0:03:56 [step] Finished: Creating geometry index on osm_landusages in 7.485811919s
[2021-12-26T22:20:11+01:00] 0:04:10 [step] Finished: Creating geometry index on osm_roads in 22.218802792s
[2021-12-26T22:20:39+01:00] 0:04:38 [step] Finished: Creating geometry index on osm_buildings in 50.096289343s
[2021-12-26T22:20:39+01:00] 0:04:38 [step] Finished: Creating geometry indices in 50.09639419s
[2021-12-26T22:20:39+01:00] 0:04:38 [step] Finished: Importing OSM data in 4m4.853384219s
[2021-12-26T22:20:39+01:00] 0:04:38 [step] Finished: Imposm in 4m38.528443152s